<?xml version="1.0" encoding="UTF-8"?>
<testng-results skipped="0" failed="0" ignored="0" total="3" passed="3">
  <reporter-output>
  </reporter-output>
  <suite name="Suite" duration-ms="5051" started-at="2020-10-30T02:17:10Z" finished-at="2020-10-30T02:17:15Z">
    <groups>
    </groups>
    <test name="Test" duration-ms="5051" started-at="2020-10-30T02:17:10Z" finished-at="2020-10-30T02:17:15Z">
      <class name="com.test.DataDriven_Lib">
        <test-method status="PASS" signature="report_setup()[pri:0, instance:com.test.DataDriven_Lib@7c469c48]" name="report_setup" is-config="true" duration-ms="269" started-at="2020-10-30T02:17:10Z" finished-at="2020-10-30T02:17:10Z">
          <reporter-output>
          </reporter-output>
        </test-method> <!-- report_setup -->
        <test-method status="PASS" signature="env_setup()[pri:0, instance:com.test.DataDriven_Lib@7c469c48]" name="env_setup" is-config="true" duration-ms="3" started-at="2020-10-30T02:17:10Z" finished-at="2020-10-30T02:17:10Z">
          <reporter-output>
          </reporter-output>
        </test-method> <!-- env_setup -->
        <test-method status="PASS" signature="setup()[pri:0, instance:com.test.DataDriven_Lib@7c469c48]" name="setup" is-config="true" duration-ms="1" started-at="2020-10-30T02:17:10Z" finished-at="2020-10-30T02:17:10Z">
          <reporter-output>
          </reporter-output>
        </test-method> <!-- setup -->
        <test-method status="PASS" signature="test_getByUserID()[pri:0, instance:com.test.DataDriven_Lib@7c469c48]" name="test_getByUserID" duration-ms="2583" started-at="2020-10-30T02:17:10Z" finished-at="2020-10-30T02:17:12Z">
          <reporter-output>
          </reporter-output>
        </test-method> <!-- test_getByUserID -->
        <test-method status="PASS" signature="getResult(org.testng.ITestResult)[pri:0, instance:com.test.DataDriven_Lib@7c469c48]" name="getResult" is-config="true" duration-ms="11" started-at="2020-10-30T02:17:12Z" finished-at="2020-10-30T02:17:12Z">
          <params>
            <param index="0">
              <value>
                <![CDATA[[TestResult name=test_getByUserID status=SUCCESS method=DataDriven_Lib.test_getByUserID()[pri:0, instance:com.test.DataDriven_Lib@7c469c48] output={null}]]]>
              </value>
            </param>
          </params>
          <reporter-output>
          </reporter-output>
        </test-method> <!-- getResult -->
        <test-method status="PASS" signature="test_post_01(java.lang.String, java.lang.String, java.lang.String, java.lang.String, java.lang.String)[pri:0, instance:com.test.DataDriven_Lib@7c469c48]" name="test_post_01" duration-ms="614" started-at="2020-10-30T02:17:13Z" data-provider="testData1" finished-at="2020-10-30T02:17:14Z">
          <params>
            <param index="0">
              <value>
                <![CDATA[TC001]]>
              </value>
            </param>
            <param index="1">
              <value>
                <![CDATA[Valid request data 1]]>
              </value>
            </param>
            <param index="2">
              <value>
                <![CDATA[Sam]]>
              </value>
            </param>
            <param index="3">
              <value>
                <![CDATA[Engineer]]>
              </value>
            </param>
            <param index="4">
              <value>
                <![CDATA[201]]>
              </value>
            </param>
          </params>
          <reporter-output>
          </reporter-output>
        </test-method> <!-- test_post_01 -->
        <test-method status="PASS" signature="getResult(org.testng.ITestResult)[pri:0, instance:com.test.DataDriven_Lib@7c469c48]" name="getResult" is-config="true" duration-ms="0" started-at="2020-10-30T02:17:14Z" finished-at="2020-10-30T02:17:14Z">
          <params>
            <param index="0">
              <value>
                <![CDATA[[TestResult name=test_post_01 status=SUCCESS method=DataDriven_Lib.test_post_01(java.lang.String, java.lang.String, java.lang.String, java.lang.String, java.lang.String)[pri:0, instance:com.test.DataDriven_Lib@7c469c48] output={null}]]]>
              </value>
            </param>
          </params>
          <reporter-output>
          </reporter-output>
        </test-method> <!-- getResult -->
        <test-method status="PASS" signature="test_post_01(java.lang.String, java.lang.String, java.lang.String, java.lang.String, java.lang.String)[pri:0, instance:com.test.DataDriven_Lib@7c469c48]" name="test_post_01" duration-ms="520" started-at="2020-10-30T02:17:14Z" data-provider="testData1" finished-at="2020-10-30T02:17:14Z">
          <params>
            <param index="0">
              <value>
                <![CDATA[TC002]]>
              </value>
            </param>
            <param index="1">
              <value>
                <![CDATA[Valid request data 2]]>
              </value>
            </param>
            <param index="2">
              <value>
                <![CDATA[Tom]]>
              </value>
            </param>
            <param index="3">
              <value>
                <![CDATA[Analyst]]>
              </value>
            </param>
            <param index="4">
              <value>
                <![CDATA[201]]>
              </value>
            </param>
          </params>
          <reporter-output>
          </reporter-output>
        </test-method> <!-- test_post_01 -->
        <test-method status="PASS" signature="getResult(org.testng.ITestResult)[pri:0, instance:com.test.DataDriven_Lib@7c469c48]" name="getResult" is-config="true" duration-ms="3" started-at="2020-10-30T02:17:15Z" finished-at="2020-10-30T02:17:15Z">
          <params>
            <param index="0">
              <value>
                <![CDATA[[TestResult name=test_post_01 status=SUCCESS method=DataDriven_Lib.test_post_01(java.lang.String, java.lang.String, java.lang.String, java.lang.String, java.lang.String)[pri:0, instance:com.test.DataDriven_Lib@7c469c48] output={null}]]]>
              </value>
            </param>
          </params>
          <reporter-output>
          </reporter-output>
        </test-method> <!-- getResult -->
        <test-method status="PASS" signature="tearDown()[pri:0, instance:com.test.DataDriven_Lib@7c469c48]" name="tearDown" is-config="true" duration-ms="345" started-at="2020-10-30T02:17:15Z" finished-at="2020-10-30T02:17:15Z">
          <reporter-output>
          </reporter-output>
        </test-method> <!-- tearDown -->
      </class> <!-- com.test.DataDriven_Lib -->
    </test> <!-- Test -->
  </suite> <!-- Suite -->
</testng-results>
