<?xml version="1.0" encoding="UTF-8"?>
<!-- Generated by org.testng.reporters.JUnitXMLReporter -->
<testsuite ignored="0" hostname="DESKTOP-719EGUE" failures="0" tests="3" name="Default test" time="5.094" errors="0" timestamp="26 Oct 2020 21:18:13 GMT">
  <testcase classname="com.test.DataDriven_Lib" name="test_getByUserID" time="2.728"/>
  <testcase classname="com.test.DataDriven_Lib" name="test_post_01" time="0.534"/>
  <testcase classname="com.test.DataDriven_Lib" name="test_post_01" time="0.499"/>
</testsuite> <!-- Default test -->
