<?xml version="1.0" encoding="UTF-8"?>
<!-- Generated by org.testng.reporters.JUnitXMLReporter -->
<testsuite ignored="0" hostname="DESKTOP-719EGUE" failures="2" tests="3" name="Test" time="5.391" errors="0" timestamp="26 Oct 2020 19:34:08 GMT">
  <testcase classname="com.test.DataDriven_Lib" name="test_getByUserID" time="2.928"/>
  <testcase classname="com.test.DataDriven_Lib" name="test_post_01" time="0.55">
    <failure type="java.lang.AssertionError" message="expected [204] but found [201]">
      <![CDATA[java.lang.AssertionError: expected [204] but found [201]
at com.test.DataDriven_Lib.test_post_01(DataDriven_Lib.java:122)
... Removed 31 stack frames]]>
    </failure>
  </testcase> <!-- test_post_01 -->
  <testcase classname="com.test.DataDriven_Lib" name="test_post_01" time="0.569">
    <failure type="java.lang.AssertionError" message="expected [204] but found [201]">
      <![CDATA[java.lang.AssertionError: expected [204] but found [201]
at com.test.DataDriven_Lib.test_post_01(DataDriven_Lib.java:122)
... Removed 31 stack frames]]>
    </failure>
  </testcase> <!-- test_post_01 -->
</testsuite> <!-- Test -->
