<?xml version="1.0" encoding="UTF-8"?>
<!-- Generated by org.testng.reporters.JUnitXMLReporter -->
<testsuite ignored="0" hostname="LAPTOP-NCLOSG1B" failures="1" tests="4" name="Test" time="3.988" errors="0" timestamp="03 Jan 2021 03:47:35 GMT">
  <testcase classname="com.test.DataDriven_Lib" name="test_getByUserID" time="1.775"/>
  <testcase classname="com.test.DataDriven_Lib" name="test_post_01" time="0.562"/>
  <testcase classname="com.test.DataDriven_Lib" name="test_post_01" time="0.459"/>
  <testcase classname="com.test.DataDriven_Lib" name="test_post_01" time="0.438">
    <failure type="java.lang.AssertionError" message="expected [400] but found [201]">
      <![CDATA[java.lang.AssertionError: expected [400] but found [201]
at com.test.DataDriven_Lib.test_post_01(DataDriven_Lib.java:118)
... Removed 31 stack frames]]>
    </failure>
  </testcase> <!-- test_post_01 -->
</testsuite> <!-- Test -->
